<?xml version="1.0" encoding="UTF-8"?>
<!-- Generated by org.testng.reporters.JUnitXMLReporter -->
<testsuite ignored="0" hostname="W10528VP73" failures="0" tests="5" name="Surefire test" time="55.093" errors="0" timestamp="2021-12-22T15:35:34 IST">
  <testcase classname="com.crm.qa.test.HomePageTest" name="verifyHomePageTitleTest" time="2.988"/>
  <testcase classname="com.crm.qa.test.HomePageTest" name="validateLinkClickSelenium" time="5.764"/>
  <testcase classname="com.crm.qa.test.HomePageTest" name="validateLinkClick" time="4.698"/>
  <testcase classname="com.crm.qa.test.LoginPageTest" name="loginPageTest" time="0.006"/>
  <testcase classname="com.crm.qa.test.LoginPageTest" name="loginTest" time="3.031"/>
</testsuite> <!-- Surefire test -->
