<?xml version="1.0" encoding="UTF-8"?>
<!-- Generated by org.testng.reporters.JUnitXMLReporter -->
<testsuite ignored="0" hostname="W10528VP73" failures="0" tests="3" name="Default test" time="30.428" errors="0" timestamp="2021-12-14T15:23:19 IST">
  <testcase classname="com.crm.qa.test.HomePageTest" name="verifyHomePageTitleTest" time="1.182"/>
  <testcase classname="com.crm.qa.test.HomePageTest" name="validateLinkClickSelenium" time="6.25"/>
  <testcase classname="com.crm.qa.test.HomePageTest" name="validateLinkClick" time="3.337"/>
</testsuite> <!-- Default test -->
