<?xml version="1.0" encoding="UTF-8"?>
<!-- Generated by org.testng.reporters.JUnitXMLReporter -->
<testsuite ignored="0" hostname="W10528VP73" failures="0" tests="3" name="CRM Test Cases" time="31.407" errors="0" timestamp="2021-12-20T17:51:47 IST">
  <testcase classname="com.crm.qa.test.HomePageTest" name="verifyHomePageTitleTest" time="2.504"/>
  <testcase classname="com.crm.qa.test.HomePageTest" name="validateLinkClickSelenium" time="5.916"/>
  <testcase classname="com.crm.qa.test.HomePageTest" name="validateLinkClick" time="4.747"/>
</testsuite> <!-- CRM Test Cases -->
