<?xml version="1.0" encoding="UTF-8"?>
<testsuite xmlns:xsi="http://www.w3.org/2001/XMLSchema-instance" xsi:noNamespaceSchemaLocation="https://maven.apache.org/surefire/maven-surefire-plugin/xsd/surefire-test-report.xsd" name="TestSuite" time="58.333" tests="5" errors="0" skipped="0" failures="0">
  <properties>
[...]
</properties>
  <testcase name="verifyHomePageTitleTest" classname="com.crm.qa.test.HomePageTest" time="2.99"/>
  <testcase name="validateLinkClickSelenium" classname="com.crm.qa.test.HomePageTest" time="5.765"/>
  <testcase name="validateLinkClick" classname="com.crm.qa.test.HomePageTest" time="4.698"/>
  <testcase name="loginPageTest" classname="com.crm.qa.test.LoginPageTest" time="0.006"/>
  <testcase name="loginTest" classname="com.crm.qa.test.LoginPageTest" time="3.031"/>
</testsuite>