<?xml version="1.0" encoding="UTF-8"?>
<testng-results ignored="0" total="5" passed="5" failed="0" skipped="0">
  <reporter-output>
  </reporter-output>
  <suite started-at="2021-12-22T15:34:39 IST" name="Surefire suite" finished-at="2021-12-22T15:35:34 IST" duration-ms="55093">
    <groups>
    </groups>
    <test started-at="2021-12-22T15:34:39 IST" name="Surefire test" finished-at="2021-12-22T15:35:34 IST" duration-ms="55093">
      <class name="com.crm.qa.test.HomePageTest">
        <test-method is-config="true" signature="setUp()[pri:0, instance:com.crm.qa.test.HomePageTest@67c27493]" started-at="2021-12-22T15:34:39 IST" name="setUp" finished-at="2021-12-22T15:34:46 IST" duration-ms="6374" status="PASS">
          <reporter-output>
          </reporter-output>
        </test-method> <!-- setUp -->
        <test-method signature="verifyHomePageTitleTest()[pri:1, instance:com.crm.qa.test.HomePageTest@67c27493]" started-at="2021-12-22T15:34:46 IST" name="verifyHomePageTitleTest" finished-at="2021-12-22T15:34:49 IST" duration-ms="2988" status="PASS">
          <reporter-output>
          </reporter-output>
        </test-method> <!-- verifyHomePageTitleTest -->
        <test-method is-config="true" signature="tearDown()[pri:0, instance:com.crm.qa.test.HomePageTest@67c27493]" started-at="2021-12-22T15:34:49 IST" name="tearDown" finished-at="2021-12-22T15:34:50 IST" duration-ms="1427" status="PASS">
          <reporter-output>
          </reporter-output>
        </test-method> <!-- tearDown -->
        <test-method is-config="true" signature="setUp()[pri:0, instance:com.crm.qa.test.HomePageTest@67c27493]" started-at="2021-12-22T15:34:50 IST" name="setUp" finished-at="2021-12-22T15:34:56 IST" duration-ms="6369" status="PASS">
          <reporter-output>
          </reporter-output>
        </test-method> <!-- setUp -->
        <test-method signature="validateLinkClickSelenium()[pri:2, instance:com.crm.qa.test.HomePageTest@67c27493]" started-at="2021-12-22T15:34:56 IST" name="validateLinkClickSelenium" finished-at="2021-12-22T15:35:02 IST" duration-ms="5764" status="PASS">
          <reporter-output>
          </reporter-output>
        </test-method> <!-- validateLinkClickSelenium -->
        <test-method is-config="true" signature="tearDown()[pri:0, instance:com.crm.qa.test.HomePageTest@67c27493]" started-at="2021-12-22T15:35:02 IST" name="tearDown" finished-at="2021-12-22T15:35:04 IST" duration-ms="1422" status="PASS">
          <reporter-output>
          </reporter-output>
        </test-method> <!-- tearDown -->
        <test-method is-config="true" signature="setUp()[pri:0, instance:com.crm.qa.test.HomePageTest@67c27493]" started-at="2021-12-22T15:35:04 IST" name="setUp" finished-at="2021-12-22T15:35:10 IST" duration-ms="5846" status="PASS">
          <reporter-output>
          </reporter-output>
        </test-method> <!-- setUp -->
        <test-method signature="validateLinkClick()[pri:3, instance:com.crm.qa.test.HomePageTest@67c27493]" started-at="2021-12-22T15:35:10 IST" name="validateLinkClick" finished-at="2021-12-22T15:35:14 IST" duration-ms="4698" status="PASS">
          <reporter-output>
          </reporter-output>
        </test-method> <!-- validateLinkClick -->
        <test-method is-config="true" signature="tearDown()[pri:0, instance:com.crm.qa.test.HomePageTest@67c27493]" started-at="2021-12-22T15:35:14 IST" name="tearDown" finished-at="2021-12-22T15:35:15 IST" duration-ms="1263" status="PASS">
          <reporter-output>
          </reporter-output>
        </test-method> <!-- tearDown -->
      </class> <!-- com.crm.qa.test.HomePageTest -->
      <class name="com.crm.qa.test.LoginPageTest">
        <test-method is-config="true" signature="setUp()[pri:0, instance:com.crm.qa.test.LoginPageTest@1a482e36]" started-at="2021-12-22T15:35:15 IST" name="setUp" finished-at="2021-12-22T15:35:22 IST" duration-ms="6723" status="PASS">
          <reporter-output>
          </reporter-output>
        </test-method> <!-- setUp -->
        <test-method signature="loginPageTest()[pri:1, instance:com.crm.qa.test.LoginPageTest@1a482e36]" started-at="2021-12-22T15:35:22 IST" name="loginPageTest" finished-at="2021-12-22T15:35:22 IST" duration-ms="6" status="PASS">
          <reporter-output>
          </reporter-output>
        </test-method> <!-- loginPageTest -->
        <test-method is-config="true" signature="tearDown()[pri:0, instance:com.crm.qa.test.LoginPageTest@1a482e36]" started-at="2021-12-22T15:35:22 IST" name="tearDown" finished-at="2021-12-22T15:35:23 IST" duration-ms="1301" status="PASS">
          <reporter-output>
          </reporter-output>
        </test-method> <!-- tearDown -->
        <test-method is-config="true" signature="setUp()[pri:0, instance:com.crm.qa.test.LoginPageTest@1a482e36]" started-at="2021-12-22T15:35:24 IST" name="setUp" finished-at="2021-12-22T15:35:30 IST" duration-ms="6441" status="PASS">
          <reporter-output>
          </reporter-output>
        </test-method> <!-- setUp -->
        <test-method signature="loginTest()[pri:2, instance:com.crm.qa.test.LoginPageTest@1a482e36]" started-at="2021-12-22T15:35:30 IST" name="loginTest" finished-at="2021-12-22T15:35:33 IST" duration-ms="3031" status="PASS">
          <reporter-output>
          </reporter-output>
        </test-method> <!-- loginTest -->
        <test-method is-config="true" signature="tearDown()[pri:0, instance:com.crm.qa.test.LoginPageTest@1a482e36]" started-at="2021-12-22T15:35:33 IST" name="tearDown" finished-at="2021-12-22T15:35:34 IST" duration-ms="1392" status="PASS">
          <reporter-output>
          </reporter-output>
        </test-method> <!-- tearDown -->
      </class> <!-- com.crm.qa.test.LoginPageTest -->
    </test> <!-- Surefire test -->
  </suite> <!-- Surefire suite -->
</testng-results>
