<?xml version="1.0" encoding="UTF-8"?>
<testng-results ignored="0" total="3" passed="3" failed="0" skipped="0">
  <reporter-output>
  </reporter-output>
  <suite started-at="2021-12-20T17:51:16 IST" name="Automation Test Suite" finished-at="2021-12-20T17:51:47 IST" duration-ms="31407">
    <groups>
    </groups>
    <test started-at="2021-12-20T17:51:16 IST" name="CRM Test Cases" finished-at="2021-12-20T17:51:47 IST" duration-ms="31407">
      <class name="com.crm.qa.test.HomePageTest">
        <test-method is-config="true" signature="setUp()[pri:0, instance:com.crm.qa.test.HomePageTest@36d585c]" started-at="2021-12-20T17:51:16 IST" name="setUp" finished-at="2021-12-20T17:51:21 IST" duration-ms="5543" status="PASS">
          <reporter-output>
          </reporter-output>
        </test-method> <!-- setUp -->
        <test-method signature="verifyHomePageTitleTest()[pri:1, instance:com.crm.qa.test.HomePageTest@36d585c]" started-at="2021-12-20T17:51:21 IST" name="verifyHomePageTitleTest" finished-at="2021-12-20T17:51:24 IST" duration-ms="2504" status="PASS">
          <reporter-output>
          </reporter-output>
        </test-method> <!-- verifyHomePageTitleTest -->
        <test-method is-config="true" signature="tearDown()[pri:0, instance:com.crm.qa.test.HomePageTest@36d585c]" started-at="2021-12-20T17:51:24 IST" name="tearDown" finished-at="2021-12-20T17:51:25 IST" duration-ms="1041" status="PASS">
          <reporter-output>
          </reporter-output>
        </test-method> <!-- tearDown -->
        <test-method is-config="true" signature="setUp()[pri:0, instance:com.crm.qa.test.HomePageTest@36d585c]" started-at="2021-12-20T17:51:25 IST" name="setUp" finished-at="2021-12-20T17:51:29 IST" duration-ms="4382" status="PASS">
          <reporter-output>
          </reporter-output>
        </test-method> <!-- setUp -->
        <test-method signature="validateLinkClickSelenium()[pri:2, instance:com.crm.qa.test.HomePageTest@36d585c]" started-at="2021-12-20T17:51:29 IST" name="validateLinkClickSelenium" finished-at="2021-12-20T17:51:35 IST" duration-ms="5916" status="PASS">
          <reporter-output>
          </reporter-output>
        </test-method> <!-- validateLinkClickSelenium -->
        <test-method is-config="true" signature="tearDown()[pri:0, instance:com.crm.qa.test.HomePageTest@36d585c]" started-at="2021-12-20T17:51:35 IST" name="tearDown" finished-at="2021-12-20T17:51:36 IST" duration-ms="1043" status="PASS">
          <reporter-output>
          </reporter-output>
        </test-method> <!-- tearDown -->
        <test-method is-config="true" signature="setUp()[pri:0, instance:com.crm.qa.test.HomePageTest@36d585c]" started-at="2021-12-20T17:51:36 IST" name="setUp" finished-at="2021-12-20T17:51:41 IST" duration-ms="5152" status="PASS">
          <reporter-output>
          </reporter-output>
        </test-method> <!-- setUp -->
        <test-method signature="validateLinkClick()[pri:3, instance:com.crm.qa.test.HomePageTest@36d585c]" started-at="2021-12-20T17:51:41 IST" name="validateLinkClick" finished-at="2021-12-20T17:51:46 IST" duration-ms="4747" status="PASS">
          <reporter-output>
          </reporter-output>
        </test-method> <!-- validateLinkClick -->
        <test-method is-config="true" signature="tearDown()[pri:0, instance:com.crm.qa.test.HomePageTest@36d585c]" started-at="2021-12-20T17:51:46 IST" name="tearDown" finished-at="2021-12-20T17:51:47 IST" duration-ms="1040" status="PASS">
          <reporter-output>
          </reporter-output>
        </test-method> <!-- tearDown -->
      </class> <!-- com.crm.qa.test.HomePageTest -->
    </test> <!-- CRM Test Cases -->
  </suite> <!-- Automation Test Suite -->
</testng-results>
